# JRE version: OpenJDK Runtime Environment (8.0_151-b12) (build 1.8.0_151-8u151-b12-0ubuntu0.16.04.2-b12)
# Java VM: OpenJDK 64-Bit Server VM (25.151-b12 mixed mode linux-amd64 compressed oops)
Heap:
 def new generation   total 4928K, used 1267K [0x00000000e0000000, 0x00000000e0550000, 0x00000000eaaa0000)
  eden space 4416K,  24% used [0x00000000e0000000, 0x00000000e010ae00, 0x00000000e0450000)
  from space 512K,  39% used [0x00000000e0450000, 0x00000000e04821a8, 0x00000000e04d0000)
  to   space 512K,   0% used [0x00000000e04d0000, 0x00000000e04d0000, 0x00000000e0550000)
 tenured generation   total 10944K, used 3553K [0x00000000eaaa0000, 0x00000000eb550000, 0x0000000100000000)
   the space 10944K,  32% used [0x00000000eaaa0000, 0x00000000eae18538, 0x00000000eae18600, 0x00000000eb550000)
 Metaspace       used 5405K, capacity 5908K, committed 6144K, reserved 1056768K
  class space    used 598K, capacity 676K, committed 768K, reserved 1048576K
GC Heap History (10 events):
Event: 2.420 GC heap before
{Heap before GC invocations=3 (full 0):
 def new generation   total 4928K, used 4927K [0x00000000e0000000, 0x00000000e0550000, 0x00000000eaaa0000)
  eden space 4416K, 100% used [0x00000000e0000000, 0x00000000e0450000, 0x00000000e0450000)
  from space 512K,  99% used [0x00000000e04d0000, 0x00000000e054fff8, 0x00000000e0550000)
  to   space 512K,   0% used [0x00000000e0450000, 0x00000000e0450000, 0x00000000e04d0000)
 tenured generation   total 10944K, used 2329K [0x00000000eaaa0000, 0x00000000eb550000, 0x0000000100000000)
   the space 10944K,  21% used [0x00000000eaaa0000, 0x00000000eace64a0, 0x00000000eace6600, 0x00000000eb550000)
 Metaspace       used 4445K, capacity 5046K, committed 5248K, reserved 1056768K
  class space    used 462K, capacity 539K, committed 640K, reserved 1048576K
Event: 2.421 GC heap after
Heap after GC invocations=4 (full 0):
 def new generation   total 4928K, used 511K [0x00000000e0000000, 0x00000000e0550000, 0x00000000eaaa0000)
  eden space 4416K,   0% used [0x00000000e0000000, 0x00000000e0000000, 0x00000000e0450000)
  from space 512K,  99% used [0x00000000e0450000, 0x00000000e04cfff8, 0x00000000e04d0000)
  to   space 512K,   0% used [0x00000000e04d0000, 0x00000000e04d0000, 0x00000000e0550000)
 tenured generation   total 10944K, used 3042K [0x00000000eaaa0000, 0x00000000eb550000, 0x0000000100000000)
   the space 10944K,  27% used [0x00000000eaaa0000, 0x00000000ead98890, 0x00000000ead98a00, 0x00000000eb550000)
 Metaspace       used 4445K, capacity 5046K, committed 5248K, reserved 1056768K
  class space    used 462K, capacity 539K, committed 640K, reserved 1048576K
}
Event: 2.693 GC heap before
{Heap before GC invocations=4 (full 0):
 def new generation   total 4928K, used 4927K [0x00000000e0000000, 0x00000000e0550000, 0x00000000eaaa0000)
  eden space 4416K, 100% used [0x00000000e0000000, 0x00000000e0450000, 0x00000000e0450000)
  from space 512K,  99% used [0x00000000e0450000, 0x00000000e04cfff8, 0x00000000e04d0000)
  to   space 512K,   0% used [0x00000000e04d0000, 0x00000000e04d0000, 0x00000000e0550000)
 tenured generation   total 10944K, used 3042K [0x00000000eaaa0000, 0x00000000eb550000, 0x0000000100000000)
   the space 10944K,  27% used [0x00000000eaaa0000, 0x00000000ead98890, 0x00000000ead98a00, 0x00000000eb550000)
 Metaspace       used 4498K, capacity 5046K, committed 5248K, reserved 1056768K
  class space    used 462K, capacity 539K, committed 640K, reserved 1048576K
Event: 2.694 GC heap after
Heap after GC invocations=5 (full 0):
 def new generation   total 4928K, used 48K [0x00000000e0000000, 0x00000000e0550000, 0x00000000eaaa0000)
  eden space 4416K,   0% used [0x00000000e0000000, 0x00000000e0000000, 0x00000000e0450000)
  from space 512K,   9% used [0x00000000e04d0000, 0x00000000e04dc148, 0x00000000e0550000)
  to   space 512K,   0% used [0x00000000e0450000, 0x00000000e0450000, 0x00000000e04d0000)
 tenured generation   total 10944K, used 3553K [0x00000000eaaa0000, 0x00000000eb550000, 0x0000000100000000)
   the space 10944K,  32% used [0x00000000eaaa0000, 0x00000000eae18538, 0x00000000eae18600, 0x00000000eb550000)
 Metaspace       used 4498K, capacity 5046K, committed 5248K, reserved 1056768K
  class space    used 462K, capacity 539K, committed 640K, reserved 1048576K
}
Event: 2.850 GC heap before
{Heap before GC invocations=5 (full 0):
 def new generation   total 4928K, used 4464K [0x00000000e0000000, 0x00000000e0550000, 0x00000000eaaa0000)
  eden space 4416K, 100% used [0x00000000e0000000, 0x00000000e0450000, 0x00000000e0450000)
  from space 512K,   9% used [0x00000000e04d0000, 0x00000000e04dc148, 0x00000000e0550000)
  to   space 512K,   0% used [0x00000000e0450000, 0x00000000e0450000, 0x00000000e04d0000)
 tenured generation   total 10944K, used 3553K [0x00000000eaaa0000, 0x00000000eb550000, 0x0000000100000000)
   the space 10944K,  32% used [0x00000000eaaa0000, 0x00000000eae18538, 0x00000000eae18600, 0x00000000eb550000)
 Metaspace       used 4499K, capacity 5046K, committed 5248K, reserved 1056768K
  class space    used 462K, capacity 539K, committed 640K, reserved 1048576K
Event: 2.851 GC heap after
Heap after GC invocations=6 (full 0):
 def new generation   total 4928K, used 100K [0x00000000e0000000, 0x00000000e0550000, 0x00000000eaaa0000)
  eden space 4416K,   0% used [0x00000000e0000000, 0x00000000e0000000, 0x00000000e0450000)
  from space 512K,  19% used [0x00000000e0450000, 0x00000000e0469188, 0x00000000e04d0000)
  to   space 512K,   0% used [0x00000000e04d0000, 0x00000000e04d0000, 0x00000000e0550000)
 tenured generation   total 10944K, used 3553K [0x00000000eaaa0000, 0x00000000eb550000, 0x0000000100000000)
   the space 10944K,  32% used [0x00000000eaaa0000, 0x00000000eae18538, 0x00000000eae18600, 0x00000000eb550000)
 Metaspace       used 4499K, capacity 5046K, committed 5248K, reserved 1056768K
  class space    used 462K, capacity 539K, committed 640K, reserved 1048576K
}
Event: 3.045 GC heap before
{Heap before GC invocations=6 (full 0):
 def new generation   total 4928K, used 4516K [0x00000000e0000000, 0x00000000e0550000, 0x00000000eaaa0000)
  eden space 4416K, 100% used [0x00000000e0000000, 0x00000000e0450000, 0x00000000e0450000)
  from space 512K,  19% used [0x00000000e0450000, 0x00000000e0469188, 0x00000000e04d0000)
  to   space 512K,   0% used [0x00000000e04d0000, 0x00000000e04d0000, 0x00000000e0550000)
 tenured generation   total 10944K, used 3553K [0x00000000eaaa0000, 0x00000000eb550000, 0x0000000100000000)
   the space 10944K,  32% used [0x00000000eaaa0000, 0x00000000eae18538, 0x00000000eae18600, 0x00000000eb550000)
 Metaspace       used 4499K, capacity 5046K, committed 5248K, reserved 1056768K
  class space    used 462K, capacity 539K, committed 640K, reserved 1048576K
Event: 3.045 GC heap after
Heap after GC invocations=7 (full 0):
 def new generation   total 4928K, used 140K [0x00000000e0000000, 0x00000000e0550000, 0x00000000eaaa0000)
  eden space 4416K,   0% used [0x00000000e0000000, 0x00000000e0000000, 0x00000000e0450000)
  from space 512K,  27% used [0x00000000e04d0000, 0x00000000e04f33f0, 0x00000000e0550000)
  to   space 512K,   0% used [0x00000000e0450000, 0x00000000e0450000, 0x00000000e04d0000)
 tenured generation   total 10944K, used 3553K [0x00000000eaaa0000, 0x00000000eb550000, 0x0000000100000000)
   the space 10944K,  32% used [0x00000000eaaa0000, 0x00000000eae18538, 0x00000000eae18600, 0x00000000eb550000)
 Metaspace       used 4499K, capacity 5046K, committed 5248K, reserved 1056768K
  class space    used 462K, capacity 539K, committed 640K, reserved 1048576K
}
Event: 3.229 GC heap before
{Heap before GC invocations=7 (full 0):
 def new generation   total 4928K, used 4556K [0x00000000e0000000, 0x00000000e0550000, 0x00000000eaaa0000)
  eden space 4416K, 100% used [0x00000000e0000000, 0x00000000e0450000, 0x00000000e0450000)
  from space 512K,  27% used [0x00000000e04d0000, 0x00000000e04f33f0, 0x00000000e0550000)
  to   space 512K,   0% used [0x00000000e0450000, 0x00000000e0450000, 0x00000000e04d0000)
 tenured generation   total 10944K, used 3553K [0x00000000eaaa0000, 0x00000000eb550000, 0x0000000100000000)
   the space 10944K,  32% used [0x00000000eaaa0000, 0x00000000eae18538, 0x00000000eae18600, 0x00000000eb550000)
 Metaspace       used 4499K, capacity 5046K, committed 5248K, reserved 1056768K
  class space    used 462K, capacity 539K, committed 640K, reserved 1048576K
Event: 3.230 GC heap after
Heap after GC invocations=8 (full 0):
 def new generation   total 4928K, used 200K [0x00000000e0000000, 0x00000000e0550000, 0x00000000eaaa0000)
  eden space 4416K,   0% used [0x00000000e0000000, 0x00000000e0000000, 0x00000000e0450000)
  from space 512K,  39% used [0x00000000e0450000, 0x00000000e04821a8, 0x00000000e04d0000)
  to   space 512K,   0% used [0x00000000e04d0000, 0x00000000e04d0000, 0x00000000e0550000)
 tenured generation   total 10944K, used 3553K [0x00000000eaaa0000, 0x00000000eb550000, 0x0000000100000000)
   the space 10944K,  32% used [0x00000000eaaa0000, 0x00000000eae18538, 0x00000000eae18600, 0x00000000eb550000)
 Metaspace       used 4499K, capacity 5046K, committed 5248K, reserved 1056768K
  class space    used 462K, capacity 539K, committed 640K, reserved 1048576K
}

